Mplus VERSION 6
MUTHEN & MUTHEN
03/23/2013   6:50 PM

INPUT INSTRUCTIONS

  TITLE: !section that appears in header of output file
  Chapter 9 - Mplus Estimation, simulated data set.
  Example #2
  Full LCDM applied to seven item, three attribute data set.
  Saturated structural model (Mplus default).

  DATA:!location of free format data file (in syntax file folder);
      FILE IS ch9data.dat;

  VARIABLE:
      NAMES = x1-x7 truec; !list of variables in input file
      USEVARIABLE = x1-x7; !use only variables x1 through x7
      CATEGORICAL = x1-x7; !variables x1 through x7 are categorical (binary)
      CLASSES = c(8); !8 possible attribute patterns for 3 attribute model;

  ANALYSIS:
      TYPE=MIXTURE;  !estimates latent classes;
      STARTS=0; !turn off multiple random start feature (disabled anyway);

  MODEL:

  %OVERALL%
  [C#1] (m1); !latent variable mean for attribute pattern [0,0,0];
  [C#2] (m2); !latent variable mean for attribute pattern [0,0,1];
  [C#3] (m3); !latent variable mean for attribute pattern [0,1,0];
  [C#4] (m4); !latent variable mean for attribute pattern [0,1,1];
  [C#5] (m5); !latent variable mean for attribute pattern [1,0,0];
  [C#6] (m6); !latent variable mean for attribute pattern [1,0,1];
  [C#7] (m7); !latent variable mean for attribute pattern [1,1,0];

  %c#1% !for attribute pattern [0,0,0];
  [x1$1] (t1_1); !threshold for item 1 LCDM kernel 1
  [x2$1] (t2_1); !threshold for item 2 LCDM kernel 1
  [x3$1] (t3_1); !threshold for item 3 LCDM kernel 1
  [x4$1] (t4_1); !threshold for item 4 LCDM kernel 1
  [x5$1] (t5_1); !threshold for item 5 LCDM kernel 1
  [x6$1] (t6_1); !threshold for item 6 LCDM kernel 1
  [x7$1] (t7_1); !threshold for item 7 LCDM kernel 1

  %c#2% !for attribute pattern [0,0,1];
  [x1$1] (t1_1); !threshold for item 1 LCDM kernel 1
  [x2$1] (t2_1); !threshold for item 2 LCDM kernel 1
  [x3$1] (t3_2); !threshold for item 3 LCDM kernel 2
  [x4$1] (t4_1); !threshold for item 4 LCDM kernel 1
  [x5$1] (t5_2); !threshold for item 5 LCDM kernel 2
  [x6$1] (t6_2); !threshold for item 6 LCDM kernel 2
  [x7$1] (t7_2); !threshold for item 7 LCDM kernel 2

  %c#3% !for attribute pattern [0,1,0];
  [x1$1] (t1_1); !threshold for item 1 LCDM kernel 1
  [x2$1] (t2_2); !threshold for item 2 LCDM kernel 2
  [x3$1] (t3_1); !threshold for item 3 LCDM kernel 1
  [x4$1] (t4_2); !threshold for item 4 LCDM kernel 2
  [x5$1] (t5_1); !threshold for item 5 LCDM kernel 1
  [x6$1] (t6_3); !threshold for item 6 LCDM kernel 3
  [x7$1] (t7_3); !threshold for item 7 LCDM kernel 3

  %c#4% !for attribute pattern [0,1,1];
  [x1$1] (t1_1); !threshold for item 1 LCDM kernel 1
  [x2$1] (t2_2); !threshold for item 2 LCDM kernel 2
  [x3$1] (t3_2); !threshold for item 3 LCDM kernel 2
  [x4$1] (t4_2); !threshold for item 4 LCDM kernel 2
  [x5$1] (t5_2); !threshold for item 5 LCDM kernel 2
  [x6$1] (t6_4); !threshold for item 6 LCDM kernel 4
  [x7$1] (t7_4); !threshold for item 7 LCDM kernel 4

  %c#5% !for attribute pattern [1,0,0];
  [x1$1] (t1_2); !threshold for item 1 LCDM kernel 2
  [x2$1] (t2_1); !threshold for item 2 LCDM kernel 1
  [x3$1] (t3_1); !threshold for item 3 LCDM kernel 1
  [x4$1] (t4_3); !threshold for item 4 LCDM kernel 3
  [x5$1] (t5_3); !threshold for item 5 LCDM kernel 3
  [x6$1] (t6_1); !threshold for item 6 LCDM kernel 1
  [x7$1] (t7_5); !threshold for item 7 LCDM kernel 5

  %c#6% !for attribute pattern [1,0,1];
  [x1$1] (t1_2); !threshold for item 1 LCDM kernel 2
  [x2$1] (t2_1); !threshold for item 2 LCDM kernel 1
  [x3$1] (t3_2); !threshold for item 3 LCDM kernel 2
  [x4$1] (t4_3); !threshold for item 4 LCDM kernel 3
  [x5$1] (t5_4); !threshold for item 5 LCDM kernel 4
  [x6$1] (t6_2); !threshold for item 6 LCDM kernel 2
  [x7$1] (t7_6); !threshold for item 7 LCDM kernel 6

  %c#7% !for attribute pattern [1,1,0];
  [x1$1] (t1_2); !threshold for item 1 LCDM kernel 2
  [x2$1] (t2_2); !threshold for item 2 LCDM kernel 2
  [x3$1] (t3_1); !threshold for item 3 LCDM kernel 1
  [x4$1] (t4_4); !threshold for item 4 LCDM kernel 4
  [x5$1] (t5_3); !threshold for item 5 LCDM kernel 3
  [x6$1] (t6_3); !threshold for item 6 LCDM kernel 3
  [x7$1] (t7_7); !threshold for item 7 LCDM kernel 7

  %c#8% !for attribute pattern [1,1,1];
  [x1$1] (t1_2); !threshold for item 1 LCDM kernel 2
  [x2$1] (t2_2); !threshold for item 2 LCDM kernel 2
  [x3$1] (t3_2); !threshold for item 3 LCDM kernel 2
  [x4$1] (t4_4); !threshold for item 4 LCDM kernel 4
  [x5$1] (t5_4); !threshold for item 5 LCDM kernel 4
  [x6$1] (t6_4); !threshold for item 6 LCDM kernel 4
  [x7$1] (t7_8); !threshold for item 7 LCDM kernel 8


  MODEL CONSTRAINT: !used to define LCDM parameters and constraints
  !NOTE: Mplus uses P(X=0) rather than P(X=1) so terms must be multiplied by -1

  !ITEM 1:
  !Q-matrix Entry [1 0 0]
  !One attibute measured: 1 intercept; 1 main effect
  NEW(l1_0 l1_11);    !define LCDM parameters present for item 1
  t1_1=-(l1_0);       !set equal to intercept by LCDM kernel
  t1_2=-(l1_0+l1_11); !set equal to intercept plus main effect for attribute 1
  l1_11>0;            !make sure main effect is positive (higher probability for mastering a

  !ITEM 2:
  !Q-matrix Entry [0 1 0]
  !One attibute measured: 1 intercept; 1 main effect
  NEW(l2_0 l2_12);    !define LCDM parameters present for item 2
  t2_1=-(l2_0);
  t2_2=-(l2_0+l2_12);
  l2_12>0;            !the order constraints necessary for the main effect

  !ITEM 3:
  !Q-matrix Entry [0 0 1]
  !One attibute measured: 1 intercept; 1 main effect
  NEW(l3_0 l3_13);    !define LCDM parameters present for item 3
  t3_1=-(l3_0);
  t3_2=-(l3_0+l3_13);
  l3_13>0;            !the order constraints necessary for the main effect

  !ITEM 4:
  !Q-matrix Entry [1 1 0]
  !two attibutes measured: 1 intercept; 2 main effects; 1 two-way interaction
  NEW(l4_0 l4_11 l4_12 l4_212);       !define LCDM parameters present for item 4
  t4_1=-(l4_0);
  t4_2=-(l4_0+l4_11);
  t4_3=-(l4_0+l4_12);
  t4_4=-(l4_0+l4_11+l4_12+l4_212);
  l4_11>0;                            !the order constraints necessary for the main effects
  l4_12>0;
  l4_212>-l4_11;                      !the order constraints necessary for the interaction
  l4_212>-l4_12;

  !ITEM 5:
  !Q-matrix Entry [1 0 1]
  !two attibutes measured: 1 intercept; 2 main effects; 1 two-way interaction
  NEW(l5_0 l5_11 l5_13 l5_213);       !define LCDM parameters present for item 5
  t5_1=-(l5_0);
  t5_2=-(l5_0+l5_11);
  t5_3=-(l5_0+l5_13);
  t5_4=-(l5_0+l5_11+l5_13+l5_213);
  l5_11>0;                            !the order constraints necessary for the main effects
  l5_13>0;
  l5_213>-l5_11;                      !the order constraints for the two-way interaction
  l5_213>-l5_13;

  !ITEM 6:
  !Q-matrix Entry [0 1 1]
  !two attibutes measured: 1 intercept; 2 main effects; 1 two-way interaction
  NEW(l6_0 l6_12 l6_13 l6_223);       !define LCDM parameters present for item 6
  t6_1=-(l6_0);
  t6_2=-(l6_0+l6_12);
  t6_3=-(l6_0+l6_13);
  t6_4=-(l6_0+l6_12+l6_13+l6_223);
  l6_12>0;
  l6_13>0;
  l6_223>-l6_12;                      !the order constraints for the two-way interaction
  l6_223>-l6_13;

  !ITEM 7:
  !Q-matrix Entry [1 1 1]
  !two attibutes measured: 1 intercept; 3 main effects; 3 two-way interactions; 1 three-way
  NEW(l7_0 l7_11 l7_12 l7_13 l7_212 l7_213 l7_223 l7_3123);   !define LCDM parameters presen
  t7_1=-(l7_0);
  t7_2=-(l7_0+l7_13);
  t7_3=-(l7_0+l7_12);
  t7_4=-(l7_0+l7_12+l7_13+l7_223);
  t7_5=-(l7_0+l7_11);
  t7_6=-(l7_0+l7_11+l7_13+l7_213);
  t7_7=-(l7_0+l7_11+l7_12+l7_212);
  t7_8=-(l7_0+l7_11+l7_12+l7_13+l7_212+l7_213+l7_223+l7_3123);
  l7_11>0;                                                    !the order constraints necessa
  l7_12>0;
  l7_13>0;
  l7_212>-l7_11;                                              !the order constraints for the
  l7_212>-l7_12;
  l7_213>-l7_11;
  l7_213>-l7_13;
  l7_223>-l7_12;
  l7_223>-l7_13;
  l7_3123>-(l7_223+l7_213+l7_13);                             !the order constraints for the
  l7_3123>-(l7_223+l7_212+l7_12);
  l7_3123>-(l7_213+l7_212+l7_11);

  OUTPUT:
      TECH10; !request additional model fit statistics be reported

  SAVEDATA:
      FORMAT IS f10.5;             !format for output file
      FILE IS respondent_ex9.2.dat; !print attribute estimates for respondents in file liste
      SAVE = CPROBABILITIES;       !instruct Mplus to save posterior probabilities of class



*** WARNING
  Input line exceeded 90 characters. Some input may be truncated.
  l1_11>0;            !make sure main effect is positive (higher probability for mastering at
*** WARNING
  Input line exceeded 90 characters. Some input may be truncated.
  !two attibutes measured: 1 intercept; 3 main effects; 3 two-way interactions; 1 three-way i
*** WARNING
  Input line exceeded 90 characters. Some input may be truncated.
  NEW(l7_0 l7_11 l7_12 l7_13 l7_212 l7_213 l7_223 l7_3123);   !define LCDM parameters present
*** WARNING
  Input line exceeded 90 characters. Some input may be truncated.
  l7_11>0;                                                    !the order constraints necessar
*** WARNING
  Input line exceeded 90 characters. Some input may be truncated.
      FILE IS respondent_ex9.2.dat; !print attribute estimates for respondents in file listed
*** WARNING
  Input line exceeded 90 characters. Some input may be truncated.
      SAVE = CPROBABILITIES;       !instruct Mplus to save posterior probabilities of class m
   6 WARNING(S) FOUND IN THE INPUT INSTRUCTIONS




Chapter 9 - Mplus Estimation, simulated data set.
Example #2
Full LCDM applied to seven item, three attribute data set.
Saturated structural model (Mplus default).

SUMMARY OF ANALYSIS

Number of groups                                                 1
Number of observations                                       10000

Number of dependent variables                                    7
Number of independent variables                                  0
Number of continuous latent variables                            0
Number of categorical latent variables                           1

Observed dependent variables

  Binary and ordered categorical (ordinal)
   X1          X2          X3          X4          X5          X6
   X7

Categorical latent variables
   C


Estimator                                                      MLR
Information matrix                                        OBSERVED
Optimization Specifications for the Quasi-Newton Algorithm for
Continuous Outcomes
  Maximum number of iterations                                 100
  Convergence criterion                                  0.100D-05
Optimization Specifications for the EM Algorithm
  Maximum number of iterations                                 500
  Convergence criteria
    Loglikelihood change                                 0.100D-06
    Relative loglikelihood change                        0.100D-06
    Derivative                                           0.100D-05
Optimization Specifications for the M step of the EM Algorithm for
Categorical Latent variables
  Number of M step iterations                                    1
  M step convergence criterion                           0.100D-05
  Basis for M step termination                           ITERATION
Optimization Specifications for the M step of the EM Algorithm for
Censored, Binary or Ordered Categorical (Ordinal), Unordered
Categorical (Nominal) and Count Outcomes
  Number of M step iterations                                    1
  M step convergence criterion                           0.100D-05
  Basis for M step termination                           ITERATION
  Maximum value for logit thresholds                            15
  Minimum value for logit thresholds                           -15
  Minimum expected cell size for chi-square              0.100D-01
Optimization algorithm                                         EMA
Link                                                         LOGIT

Input data file(s)
  ch9data.dat
Input data format  FREE


UNIVARIATE PROPORTIONS AND COUNTS FOR CATEGORICAL VARIABLES

    X1
      Category 1    0.501     5006.000
      Category 2    0.499     4994.000
    X2
      Category 1    0.496     4965.000
      Category 2    0.503     5035.000
    X3
      Category 1    0.504     5036.000
      Category 2    0.496     4964.000
    X4
      Category 1    0.547     5473.000
      Category 2    0.453     4527.000
    X5
      Category 1    0.547     5474.000
      Category 2    0.453     4526.000
    X6
      Category 1    0.542     5421.000
      Category 2    0.458     4579.000
    X7
      Category 1    0.497     4967.000
      Category 2    0.503     5033.000



THE MODEL ESTIMATION TERMINATED NORMALLY



TESTS OF MODEL FIT

Loglikelihood

          H0 Value                      -42870.695
          H0 Scaling Correction Factor       1.011
            for MLR

Information Criteria

          Number of Free Parameters             33
          Akaike (AIC)                   85807.391
          Bayesian (BIC)                 86045.332
          Sample-Size Adjusted BIC       85940.463
            (n* = (n + 2) / 24)

Chi-Square Test of Model Fit for the Binary and Ordered Categorical
(Ordinal) Outcomes

          Pearson Chi-Square

          Value                            101.677
          Degrees of Freedom                    94
          P-Value                           0.2764

          Likelihood Ratio Chi-Square

          Value                            103.759
          Degrees of Freedom                    94
          P-Value                           0.2306



FINAL CLASS COUNTS AND PROPORTIONS FOR THE LATENT CLASSES
BASED ON THE ESTIMATED MODEL

    Latent
   Classes

       1       2480.96185          0.24810
       2        735.54785          0.07355
       3        992.74591          0.09927
       4        911.95428          0.09120
       5        863.41826          0.08634
       6        913.48778          0.09135
       7        935.85710          0.09359
       8       2166.02696          0.21660


FINAL CLASS COUNTS AND PROPORTIONS FOR THE LATENT CLASS PATTERNS
BASED ON ESTIMATED POSTERIOR PROBABILITIES

    Latent
   Classes

       1       2480.96196          0.24810
       2        735.54778          0.07355
       3        992.74594          0.09927
       4        911.95441          0.09120
       5        863.41829          0.08634
       6        913.48751          0.09135
       7        935.85712          0.09359
       8       2166.02699          0.21660


CLASSIFICATION QUALITY

     Entropy                         0.540


CLASSIFICATION OF INDIVIDUALS BASED ON THEIR MOST LIKELY LATENT CLASS MEMBERSHIP

Class Counts and Proportions

    Latent
   Classes

       1             3111          0.31110
       2              438          0.04380
       3              859          0.08590
       4              743          0.07430
       5              696          0.06960
       6              860          0.08600
       7              770          0.07700
       8             2523          0.25230


Average Latent Class Probabilities for Most Likely Latent Class Membership (Row)
by Latent Class (Column)

           1        2        3        4        5        6        7        8

    1   0.688    0.090    0.118    0.003    0.095    0.003    0.003    0.000
    2   0.204    0.507    0.067    0.059    0.067    0.091    0.003    0.001
    3   0.133    0.079    0.486    0.112    0.084    0.010    0.092    0.005
    4   0.007    0.066    0.076    0.656    0.009    0.046    0.044    0.096
    5   0.176    0.089    0.068    0.009    0.470    0.115    0.071    0.002
    6   0.007    0.051    0.010    0.068    0.085    0.610    0.078    0.091
    7   0.006    0.006    0.077    0.075    0.070    0.034    0.652    0.082
    8   0.000    0.002    0.003    0.068    0.003    0.076    0.077    0.772


MODEL RESULTS

                                                    Two-Tailed
                    Estimate       S.E.  Est./S.E.    P-Value

Latent Class 1

 Thresholds
    X1$1               0.913      0.053     17.141      0.000
    X2$1               1.006      0.069     14.637      0.000
    X3$1               0.961      0.062     15.461      0.000
    X4$1               2.437      0.157     15.523      0.000
    X5$1               2.242      0.121     18.450      0.000
    X6$1               2.537      0.176     14.385      0.000
    X7$1               3.629      0.482      7.535      0.000

Latent Class 2

 Thresholds
    X1$1               0.913      0.053     17.141      0.000
    X2$1               1.006      0.069     14.637      0.000
    X3$1              -1.053      0.057    -18.568      0.000
    X4$1               2.437      0.157     15.523      0.000
    X5$1               0.517      0.135      3.832      0.000
    X6$1               0.435      0.136      3.192      0.001
    X7$1               1.569      0.337      4.652      0.000

Latent Class 3

 Thresholds
    X1$1               0.913      0.053     17.141      0.000
    X2$1              -1.039      0.052    -20.056      0.000
    X3$1               0.961      0.062     15.461      0.000
    X4$1               0.579      0.128      4.521      0.000
    X5$1               2.242      0.121     18.450      0.000
    X6$1               0.386      0.126      3.065      0.002
    X7$1               1.501      0.317      4.740      0.000

Latent Class 4

 Thresholds
    X1$1               0.913      0.053     17.141      0.000
    X2$1              -1.039      0.052    -20.056      0.000
    X3$1              -1.053      0.057    -18.568      0.000
    X4$1               0.579      0.128      4.521      0.000
    X5$1               0.517      0.135      3.832      0.000
    X6$1              -2.825      0.236    -11.985      0.000
    X7$1              -1.541      0.246     -6.269      0.000

Latent Class 5

 Thresholds
    X1$1              -0.959      0.051    -18.879      0.000
    X2$1               1.006      0.069     14.637      0.000
    X3$1               0.961      0.062     15.461      0.000
    X4$1               0.390      0.115      3.393      0.001
    X5$1               0.453      0.121      3.743      0.000
    X6$1               2.537      0.176     14.385      0.000
    X7$1               1.162      0.262      4.438      0.000

Latent Class 6

 Thresholds
    X1$1              -0.959      0.051    -18.879      0.000
    X2$1               1.006      0.069     14.637      0.000
    X3$1              -1.053      0.057    -18.568      0.000
    X4$1               0.390      0.115      3.393      0.001
    X5$1              -2.655      0.220    -12.054      0.000
    X6$1               0.435      0.136      3.192      0.001
    X7$1              -1.654      0.265     -6.251      0.000

Latent Class 7

 Thresholds
    X1$1              -0.959      0.051    -18.879      0.000
    X2$1              -1.039      0.052    -20.056      0.000
    X3$1               0.961      0.062     15.461      0.000
    X4$1              -2.502      0.198    -12.609      0.000
    X5$1               0.453      0.121      3.743      0.000
    X6$1               0.386      0.126      3.065      0.002
    X7$1              -1.781      0.287     -6.204      0.000

Latent Class 8

 Thresholds
    X1$1              -0.959      0.051    -18.879      0.000
    X2$1              -1.039      0.052    -20.056      0.000
    X3$1              -1.053      0.057    -18.568      0.000
    X4$1              -2.502      0.198    -12.609      0.000
    X5$1              -2.655      0.220    -12.054      0.000
    X6$1              -2.825      0.236    -11.985      0.000
    X7$1              -4.281      0.508     -8.421      0.000

Categorical Latent Variables

 Means
    C#1                0.136      0.113      1.203      0.229
    C#2               -1.080      0.158     -6.849      0.000
    C#3               -0.780      0.118     -6.632      0.000
    C#4               -0.865      0.115     -7.514      0.000
    C#5               -0.920      0.134     -6.870      0.000
    C#6               -0.863      0.114     -7.588      0.000
    C#7               -0.839      0.108     -7.795      0.000

 New/Additional Parameters
    L1_0              -0.913      0.053    -17.141      0.000
    L1_11              1.872      0.071     26.297      0.000
    L2_0              -1.006      0.069    -14.637      0.000
    L2_12              2.045      0.082     24.961      0.000
    L3_0              -0.961      0.062    -15.461      0.000
    L3_13              2.014      0.079     25.619      0.000
    L4_0              -2.437      0.157    -15.523      0.000
    L4_11              1.858      0.212      8.768      0.000
    L4_12              2.047      0.205     10.007      0.000
    L4_212             1.034      0.338      3.056      0.002
    L5_0              -2.242      0.121    -18.450      0.000
    L5_11              1.725      0.194      8.894      0.000
    L5_13              1.789      0.185      9.652      0.000
    L5_213             1.383      0.340      4.071      0.000
    L6_0              -2.537      0.176    -14.385      0.000
    L6_12              2.102      0.226      9.310      0.000
    L6_13              2.151      0.218      9.851      0.000
    L6_223             1.110      0.376      2.947      0.003
    L7_0              -3.629      0.482     -7.535      0.000
    L7_11              2.468      0.626      3.943      0.000
    L7_12              2.128      0.662      3.216      0.001
    L7_13              2.061      0.702      2.935      0.003
    L7_212             0.815      0.858      0.950      0.342
    L7_213             0.755      0.892      0.846      0.397
    L7_223             0.982      0.927      1.058      0.290
    L7_3123           -1.297      1.376     -0.942      0.346


RESULTS IN PROBABILITY SCALE

Latent Class 1

 X1
    Category 1         0.714      0.011     65.563      0.000
    Category 2         0.286      0.011     26.320      0.000
 X2
    Category 1         0.732      0.013     54.338      0.000
    Category 2         0.268      0.013     19.870      0.000
 X3
    Category 1         0.723      0.012     58.154      0.000
    Category 2         0.277      0.012     22.252      0.000
 X4
    Category 1         0.920      0.012     79.233      0.000
    Category 2         0.080      0.012      6.926      0.000
 X5
    Category 1         0.904      0.011     85.667      0.000
    Category 2         0.096      0.011      9.106      0.000
 X6
    Category 1         0.927      0.012     77.357      0.000
    Category 2         0.073      0.012      6.118      0.000
 X7
    Category 1         0.974      0.012     80.317      0.000
    Category 2         0.026      0.012      2.131      0.033

Latent Class 2

 X1
    Category 1         0.714      0.011     65.563      0.000
    Category 2         0.286      0.011     26.320      0.000
 X2
    Category 1         0.732      0.013     54.338      0.000
    Category 2         0.268      0.013     19.870      0.000
 X3
    Category 1         0.259      0.011     23.774      0.000
    Category 2         0.741      0.011     68.169      0.000
 X4
    Category 1         0.920      0.012     79.233      0.000
    Category 2         0.080      0.012      6.926      0.000
 X5
    Category 1         0.626      0.032     19.850      0.000
    Category 2         0.374      0.032     11.840      0.000
 X6
    Category 1         0.607      0.033     18.667      0.000
    Category 2         0.393      0.033     12.080      0.000
 X7
    Category 1         0.828      0.048     17.202      0.000
    Category 2         0.172      0.048      3.584      0.000

Latent Class 3

 X1
    Category 1         0.714      0.011     65.563      0.000
    Category 2         0.286      0.011     26.320      0.000
 X2
    Category 1         0.261      0.010     26.139      0.000
    Category 2         0.739      0.010     73.864      0.000
 X3
    Category 1         0.723      0.012     58.154      0.000
    Category 2         0.277      0.012     22.252      0.000
 X4
    Category 1         0.641      0.029     21.749      0.000
    Category 2         0.359      0.029     12.194      0.000
 X5
    Category 1         0.904      0.011     85.667      0.000
    Category 2         0.096      0.011      9.106      0.000
 X6
    Category 1         0.595      0.030     19.610      0.000
    Category 2         0.405      0.030     13.326      0.000
 X7
    Category 1         0.818      0.047     17.326      0.000
    Category 2         0.182      0.047      3.861      0.000

Latent Class 4

 X1
    Category 1         0.714      0.011     65.563      0.000
    Category 2         0.286      0.011     26.320      0.000
 X2
    Category 1         0.261      0.010     26.139      0.000
    Category 2         0.739      0.010     73.864      0.000
 X3
    Category 1         0.259      0.011     23.774      0.000
    Category 2         0.741      0.011     68.169      0.000
 X4
    Category 1         0.641      0.029     21.749      0.000
    Category 2         0.359      0.029     12.194      0.000
 X5
    Category 1         0.626      0.032     19.850      0.000
    Category 2         0.374      0.032     11.840      0.000
 X6
    Category 1         0.056      0.012      4.494      0.000
    Category 2         0.944      0.012     75.783      0.000
 X7
    Category 1         0.176      0.036      4.940      0.000
    Category 2         0.824      0.036     23.062      0.000

Latent Class 5

 X1
    Category 1         0.277      0.010     27.230      0.000
    Category 2         0.723      0.010     71.049      0.000
 X2
    Category 1         0.732      0.013     54.338      0.000
    Category 2         0.268      0.013     19.870      0.000
 X3
    Category 1         0.723      0.012     58.154      0.000
    Category 2         0.277      0.012     22.252      0.000
 X4
    Category 1         0.596      0.028     21.535      0.000
    Category 2         0.404      0.028     14.575      0.000
 X5
    Category 1         0.611      0.029     21.273      0.000
    Category 2         0.389      0.029     13.529      0.000
 X6
    Category 1         0.927      0.012     77.357      0.000
    Category 2         0.073      0.012      6.118      0.000
 X7
    Category 1         0.762      0.048     16.028      0.000
    Category 2         0.238      0.048      5.016      0.000

Latent Class 6

 X1
    Category 1         0.277      0.010     27.230      0.000
    Category 2         0.723      0.010     71.049      0.000
 X2
    Category 1         0.732      0.013     54.338      0.000
    Category 2         0.268      0.013     19.870      0.000
 X3
    Category 1         0.259      0.011     23.774      0.000
    Category 2         0.741      0.011     68.169      0.000
 X4
    Category 1         0.596      0.028     21.535      0.000
    Category 2         0.404      0.028     14.575      0.000
 X5
    Category 1         0.066      0.014      4.859      0.000
    Category 2         0.934      0.014     69.126      0.000
 X6
    Category 1         0.607      0.033     18.667      0.000
    Category 2         0.393      0.033     12.080      0.000
 X7
    Category 1         0.161      0.036      4.502      0.000
    Category 2         0.839      0.036     23.537      0.000

Latent Class 7

 X1
    Category 1         0.277      0.010     27.230      0.000
    Category 2         0.723      0.010     71.049      0.000
 X2
    Category 1         0.261      0.010     26.139      0.000
    Category 2         0.739      0.010     73.864      0.000
 X3
    Category 1         0.723      0.012     58.154      0.000
    Category 2         0.277      0.012     22.252      0.000
 X4
    Category 1         0.076      0.014      5.453      0.000
    Category 2         0.924      0.014     66.552      0.000
 X5
    Category 1         0.611      0.029     21.273      0.000
    Category 2         0.389      0.029     13.529      0.000
 X6
    Category 1         0.595      0.030     19.610      0.000
    Category 2         0.405      0.030     13.326      0.000
 X7
    Category 1         0.144      0.035      4.070      0.000
    Category 2         0.856      0.035     24.160      0.000

Latent Class 8

 X1
    Category 1         0.277      0.010     27.230      0.000
    Category 2         0.723      0.010     71.049      0.000
 X2
    Category 1         0.261      0.010     26.139      0.000
    Category 2         0.739      0.010     73.864      0.000
 X3
    Category 1         0.259      0.011     23.774      0.000
    Category 2         0.741      0.011     68.169      0.000
 X4
    Category 1         0.076      0.014      5.453      0.000
    Category 2         0.924      0.014     66.552      0.000
 X5
    Category 1         0.066      0.014      4.859      0.000
    Category 2         0.934      0.014     69.126      0.000
 X6
    Category 1         0.056      0.012      4.494      0.000
    Category 2         0.944      0.012     75.783      0.000
 X7
    Category 1         0.014      0.007      1.994      0.046
    Category 2         0.986      0.007    144.229      0.000


LATENT CLASS ODDS RATIO RESULTS

Latent Class 1 Compared to Latent Class 2

 X1
    Category > 1       1.000      0.000    999.000    999.000
 X2
    Category > 1       1.000      0.000    999.000    999.000
 X3
    Category > 1       0.133      0.010     12.720      0.000
 X4
    Category > 1       1.000      0.000    999.000    999.000
 X5
    Category > 1       0.178      0.035      5.157      0.000
 X6
    Category > 1       0.122      0.028      4.429      0.000
 X7
    Category > 1       0.127      0.089      1.424      0.154

Latent Class 1 Compared to Latent Class 3

 X1
    Category > 1       1.000      0.000    999.000    999.000
 X2
    Category > 1       0.129      0.011     12.207      0.000
 X3
    Category > 1       1.000      0.000    999.000    999.000
 X4
    Category > 1       0.156      0.033      4.718      0.000
 X5
    Category > 1       1.000      0.000    999.000    999.000
 X6
    Category > 1       0.116      0.025      4.580      0.000
 X7
    Category > 1       0.119      0.079      1.511      0.131

Latent Class 1 Compared to Latent Class 4

 X1
    Category > 1       1.000      0.000    999.000    999.000
 X2
    Category > 1       0.129      0.011     12.207      0.000
 X3
    Category > 1       0.133      0.010     12.720      0.000
 X4
    Category > 1       0.156      0.033      4.718      0.000
 X5
    Category > 1       0.178      0.035      5.157      0.000
 X6
    Category > 1       0.005      0.001      3.749      0.000
 X7
    Category > 1       0.006      0.003      1.930      0.054

Latent Class 1 Compared to Latent Class 5

 X1
    Category > 1       0.154      0.011     14.050      0.000
 X2
    Category > 1       1.000      0.000    999.000    999.000
 X3
    Category > 1       1.000      0.000    999.000    999.000
 X4
    Category > 1       0.129      0.026      4.889      0.000
 X5
    Category > 1       0.167      0.031      5.395      0.000
 X6
    Category > 1       1.000      0.000    999.000    999.000
 X7
    Category > 1       0.085      0.053      1.598      0.110

Latent Class 1 Compared to Latent Class 6

 X1
    Category > 1       0.154      0.011     14.050      0.000
 X2
    Category > 1       1.000      0.000    999.000    999.000
 X3
    Category > 1       0.133      0.010     12.720      0.000
 X4
    Category > 1       0.129      0.026      4.889      0.000
 X5
    Category > 1       0.007      0.002      4.246      0.000
 X6
    Category > 1       0.122      0.028      4.429      0.000
 X7
    Category > 1       0.005      0.003      1.895      0.058

Latent Class 1 Compared to Latent Class 7

 X1
    Category > 1       0.154      0.011     14.050      0.000
 X2
    Category > 1       0.129      0.011     12.207      0.000
 X3
    Category > 1       1.000      0.000    999.000    999.000
 X4
    Category > 1       0.007      0.002      4.453      0.000
 X5
    Category > 1       0.167      0.031      5.395      0.000
 X6
    Category > 1       0.116      0.025      4.580      0.000
 X7
    Category > 1       0.004      0.002      1.836      0.066

Latent Class 1 Compared to Latent Class 8

 X1
    Category > 1       0.154      0.011     14.050      0.000
 X2
    Category > 1       0.129      0.011     12.207      0.000
 X3
    Category > 1       0.133      0.010     12.720      0.000
 X4
    Category > 1       0.007      0.002      4.453      0.000
 X5
    Category > 1       0.007      0.002      4.246      0.000
 X6
    Category > 1       0.005      0.001      3.749      0.000
 X7
    Category > 1       0.000      0.000      1.422      0.155

Latent Class 2 Compared to Latent Class 3

 X1
    Category > 1       1.000      0.000    999.000    999.000
 X2
    Category > 1       0.129      0.011     12.207      0.000
 X3
    Category > 1       7.494      0.589     12.720      0.000
 X4
    Category > 1       0.156      0.033      4.718      0.000
 X5
    Category > 1       5.612      1.088      5.157      0.000
 X6
    Category > 1       0.952      0.141      6.758      0.000
 X7
    Category > 1       0.935      0.385      2.428      0.015

Latent Class 2 Compared to Latent Class 4

 X1
    Category > 1       1.000      0.000    999.000    999.000
 X2
    Category > 1       0.129      0.011     12.207      0.000
 X3
    Category > 1       1.000      0.000    999.000    999.000
 X4
    Category > 1       0.156      0.033      4.718      0.000
 X5
    Category > 1       1.000      0.000    999.000    999.000
 X6
    Category > 1       0.038      0.010      3.764      0.000
 X7
    Category > 1       0.045      0.020      2.235      0.025

Latent Class 2 Compared to Latent Class 5

 X1
    Category > 1       0.154      0.011     14.050      0.000
 X2
    Category > 1       1.000      0.000    999.000    999.000
 X3
    Category > 1       7.494      0.589     12.720      0.000
 X4
    Category > 1       0.129      0.026      4.889      0.000
 X5
    Category > 1       0.938      0.135      6.955      0.000
 X6
    Category > 1       8.182      1.847      4.429      0.000
 X7
    Category > 1       0.666      0.264      2.522      0.012

Latent Class 2 Compared to Latent Class 6

 X1
    Category > 1       0.154      0.011     14.050      0.000
 X2
    Category > 1       1.000      0.000    999.000    999.000
 X3
    Category > 1       1.000      0.000    999.000    999.000
 X4
    Category > 1       0.129      0.026      4.889      0.000
 X5
    Category > 1       0.042      0.010      4.037      0.000
 X6
    Category > 1       1.000      0.000    999.000    999.000
 X7
    Category > 1       0.040      0.018      2.249      0.025

Latent Class 2 Compared to Latent Class 7

 X1
    Category > 1       0.154      0.011     14.050      0.000
 X2
    Category > 1       0.129      0.011     12.207      0.000
 X3
    Category > 1       7.494      0.589     12.720      0.000
 X4
    Category > 1       0.007      0.002      4.453      0.000
 X5
    Category > 1       0.938      0.135      6.955      0.000
 X6
    Category > 1       0.952      0.141      6.758      0.000
 X7
    Category > 1       0.035      0.015      2.416      0.016

Latent Class 2 Compared to Latent Class 8

 X1
    Category > 1       0.154      0.011     14.050      0.000
 X2
    Category > 1       0.129      0.011     12.207      0.000
 X3
    Category > 1       1.000      0.000    999.000    999.000
 X4
    Category > 1       0.007      0.002      4.453      0.000
 X5
    Category > 1       0.042      0.010      4.037      0.000
 X6
    Category > 1       0.038      0.010      3.764      0.000
 X7
    Category > 1       0.003      0.002      1.759      0.079

Latent Class 3 Compared to Latent Class 4

 X1
    Category > 1       1.000      0.000    999.000    999.000
 X2
    Category > 1       1.000      0.000    999.000    999.000
 X3
    Category > 1       0.133      0.010     12.720      0.000
 X4
    Category > 1       1.000      0.000    999.000    999.000
 X5
    Category > 1       0.178      0.035      5.157      0.000
 X6
    Category > 1       0.040      0.010      3.906      0.000
 X7
    Category > 1       0.048      0.020      2.445      0.015

Latent Class 3 Compared to Latent Class 5

 X1
    Category > 1       0.154      0.011     14.050      0.000
 X2
    Category > 1       7.727      0.633     12.207      0.000
 X3
    Category > 1       1.000      0.000    999.000    999.000
 X4
    Category > 1       0.828      0.124      6.693      0.000
 X5
    Category > 1       0.167      0.031      5.395      0.000
 X6
    Category > 1       8.592      1.876      4.580      0.000
 X7
    Category > 1       0.712      0.258      2.758      0.006

Latent Class 3 Compared to Latent Class 6

 X1
    Category > 1       0.154      0.011     14.050      0.000
 X2
    Category > 1       7.727      0.633     12.207      0.000
 X3
    Category > 1       0.133      0.010     12.720      0.000
 X4
    Category > 1       0.828      0.124      6.693      0.000
 X5
    Category > 1       0.007      0.002      4.246      0.000
 X6
    Category > 1       1.050      0.155      6.758      0.000
 X7
    Category > 1       0.043      0.016      2.739      0.006

Latent Class 3 Compared to Latent Class 7

 X1
    Category > 1       0.154      0.011     14.050      0.000
 X2
    Category > 1       1.000      0.000    999.000    999.000
 X3
    Category > 1       1.000      0.000    999.000    999.000
 X4
    Category > 1       0.046      0.010      4.473      0.000
 X5
    Category > 1       0.167      0.031      5.395      0.000
 X6
    Category > 1       1.000      0.000    999.000    999.000
 X7
    Category > 1       0.038      0.016      2.407      0.016

Latent Class 3 Compared to Latent Class 8

 X1
    Category > 1       0.154      0.011     14.050      0.000
 X2
    Category > 1       1.000      0.000    999.000    999.000
 X3
    Category > 1       0.133      0.010     12.720      0.000
 X4
    Category > 1       0.046      0.010      4.473      0.000
 X5
    Category > 1       0.007      0.002      4.246      0.000
 X6
    Category > 1       0.040      0.010      3.906      0.000
 X7
    Category > 1       0.003      0.002      1.856      0.063

Latent Class 4 Compared to Latent Class 5

 X1
    Category > 1       0.154      0.011     14.050      0.000
 X2
    Category > 1       7.727      0.633     12.207      0.000
 X3
    Category > 1       7.494      0.589     12.720      0.000
 X4
    Category > 1       0.828      0.124      6.693      0.000
 X5
    Category > 1       0.938      0.135      6.955      0.000
 X6
    Category > 1     213.233     56.873      3.749      0.000
 X7
    Category > 1      14.917      4.885      3.054      0.002

Latent Class 4 Compared to Latent Class 6

 X1
    Category > 1       0.154      0.011     14.050      0.000
 X2
    Category > 1       7.727      0.633     12.207      0.000
 X3
    Category > 1       1.000      0.000    999.000    999.000
 X4
    Category > 1       0.828      0.124      6.693      0.000
 X5
    Category > 1       0.042      0.010      4.037      0.000
 X6
    Category > 1      26.060      6.924      3.764      0.000
 X7
    Category > 1       0.893      0.314      2.843      0.004

Latent Class 4 Compared to Latent Class 7

 X1
    Category > 1       0.154      0.011     14.050      0.000
 X2
    Category > 1       1.000      0.000    999.000    999.000
 X3
    Category > 1       7.494      0.589     12.720      0.000
 X4
    Category > 1       0.046      0.010      4.473      0.000
 X5
    Category > 1       0.938      0.135      6.955      0.000
 X6
    Category > 1      24.817      6.353      3.906      0.000
 X7
    Category > 1       0.787      0.278      2.829      0.005

Latent Class 4 Compared to Latent Class 8

 X1
    Category > 1       0.154      0.011     14.050      0.000
 X2
    Category > 1       1.000      0.000    999.000    999.000
 X3
    Category > 1       1.000      0.000    999.000    999.000
 X4
    Category > 1       0.046      0.010      4.473      0.000
 X5
    Category > 1       0.042      0.010      4.037      0.000
 X6
    Category > 1       1.000      0.000    999.000    999.000
 X7
    Category > 1       0.065      0.039      1.635      0.102

Latent Class 5 Compared to Latent Class 6

 X1
    Category > 1       1.000      0.000    999.000    999.000
 X2
    Category > 1       1.000      0.000    999.000    999.000
 X3
    Category > 1       0.133      0.010     12.720      0.000
 X4
    Category > 1       1.000      0.000    999.000    999.000
 X5
    Category > 1       0.045      0.011      4.145      0.000
 X6
    Category > 1       0.122      0.028      4.429      0.000
 X7
    Category > 1       0.060      0.023      2.588      0.010

Latent Class 5 Compared to Latent Class 7

 X1
    Category > 1       1.000      0.000    999.000    999.000
 X2
    Category > 1       0.129      0.011     12.207      0.000
 X3
    Category > 1       1.000      0.000    999.000    999.000
 X4
    Category > 1       0.055      0.012      4.455      0.000
 X5
    Category > 1       1.000      0.000    999.000    999.000
 X6
    Category > 1       0.116      0.025      4.580      0.000
 X7
    Category > 1       0.053      0.021      2.486      0.013

Latent Class 5 Compared to Latent Class 8

 X1
    Category > 1       1.000      0.000    999.000    999.000
 X2
    Category > 1       0.129      0.011     12.207      0.000
 X3
    Category > 1       0.133      0.010     12.720      0.000
 X4
    Category > 1       0.055      0.012      4.455      0.000
 X5
    Category > 1       0.045      0.011      4.145      0.000
 X6
    Category > 1       0.005      0.001      3.749      0.000
 X7
    Category > 1       0.004      0.002      1.919      0.055

Latent Class 6 Compared to Latent Class 7

 X1
    Category > 1       1.000      0.000    999.000    999.000
 X2
    Category > 1       0.129      0.011     12.207      0.000
 X3
    Category > 1       7.494      0.589     12.720      0.000
 X4
    Category > 1       0.055      0.012      4.455      0.000
 X5
    Category > 1      22.367      5.396      4.145      0.000
 X6
    Category > 1       0.952      0.141      6.758      0.000
 X7
    Category > 1       0.881      0.312      2.825      0.005

Latent Class 6 Compared to Latent Class 8

 X1
    Category > 1       1.000      0.000    999.000    999.000
 X2
    Category > 1       0.129      0.011     12.207      0.000
 X3
    Category > 1       1.000      0.000    999.000    999.000
 X4
    Category > 1       0.055      0.012      4.455      0.000
 X5
    Category > 1       1.000      0.000    999.000    999.000
 X6
    Category > 1       0.038      0.010      3.764      0.000
 X7
    Category > 1       0.072      0.045      1.609      0.108

Latent Class 7 Compared to Latent Class 8

 X1
    Category > 1       1.000      0.000    999.000    999.000
 X2
    Category > 1       1.000      0.000    999.000    999.000
 X3
    Category > 1       0.133      0.010     12.720      0.000
 X4
    Category > 1       1.000      0.000    999.000    999.000
 X5
    Category > 1       0.045      0.011      4.145      0.000
 X6
    Category > 1       0.040      0.010      3.906      0.000
 X7
    Category > 1       0.082      0.053      1.550      0.121


QUALITY OF NUMERICAL RESULTS

     Condition Number for the Information Matrix              0.140E-03
       (ratio of smallest to largest eigenvalue)


TECHNICAL 10 OUTPUT


     MODEL FIT INFORMATION FOR THE LATENT CLASS INDICATOR MODEL PART


     RESPONSE PATTERNS

     No.  Pattern    No.  Pattern    No.  Pattern    No.  Pattern
       1  0010100      2  0000000      3  0011000      4  1010110
       5  0111111      6  1101111      7  0101000      8  0000101
       9  1110011     10  1101000     11  0010010     12  1001111
      13  1000000     14  0000100     15  0100110     16  1111101
      17  1111111     18  1100000     19  0100000     20  0010101
      21  1011111     22  1001100     23  1010101     24  0110011
      25  1001001     26  0001111     27  1000101     28  0101001
      29  0101010     30  0100111     31  1100011     32  0010011
      33  1101101     34  1001000     35  0011101     36  0100010
      37  0011110     38  1111011     39  1011001     40  1101001
      41  1010111     42  1010010     43  1111110     44  1000100
      45  1100001     46  1010000     47  0011010     48  0001000
      49  0001101     50  1110111     51  0010001     52  0110000
      53  1001110     54  0001001     55  0010110     56  0010000
      57  1001101     58  0110111     59  0011011     60  0111011
      61  1100100     62  0101111     63  1111001     64  0100100
      65  0000011     66  1001011     67  0000010     68  1110010
      69  1110101     70  0110101     71  0101011     72  1110001
      73  0110010     74  1110110     75  0011111     76  1111000
      77  0111101     78  1010011     79  0011100     80  0110001
      81  0010111     82  1011100     83  0100011     84  0110110
      85  1101011     86  1011101     87  0001011     88  1000010
      89  1000001     90  1110000     91  1010100     92  1000111
      93  1101100     94  0100001     95  0101100     96  0000001
      97  1100111     98  1101110     99  0000111    100  1010001
     101  1000011    102  0110100    103  0000110    104  0111110
     105  1100010    106  1011010    107  1011011    108  1110100
     109  1001010    110  1000110    111  0111010    112  1011000
     113  1111010    114  1101010    115  0011001    116  0001100
     117  0111100    118  0101110    119  0001010    120  0101101
     121  1100101    122  1100110    123  0111000    124  0100101
     125  1111100    126  0111001    127  1011110    128  0001110



     RESPONSE PATTERN FREQUENCIES AND CHI-SQUARE CONTRIBUTIONS

    Response          Frequency     Standardized  Chi-square Contribution
     Pattern    Observed  Estimated   Residual    Pearson   Loglikelihood  Deleted
                                     (z-score)
         1        91.00      95.09      -0.42       0.18        -7.99
         2       810.00     803.22       0.25       0.06        13.62
         3        45.00      48.83      -0.55       0.30        -7.36
         4        32.00      30.72       0.23       0.05         2.60
         5       316.00     314.94       0.06       0.00         2.13
         6       301.00     297.09       0.23       0.05         7.88
         7       114.00      98.35       1.59       2.49        33.66
         8        22.00      27.93      -1.12       1.26       -10.50
         9        65.00      57.02       1.06       1.12        17.04
        10        72.00      72.24      -0.03       0.00        -0.47
        11        87.00      94.29      -0.75       0.56       -14.00
        12       116.00     119.54      -0.33       0.10        -6.97
        13       362.00     395.25      -1.71       2.80       -63.62
        14       121.00     119.51       0.14       0.02         2.99
        15        26.00      20.44       1.23       1.51        12.50
        16        95.00      94.25       0.08       0.01         1.50
        17       724.00     738.34      -0.55       0.28       -28.40
        18       174.00     183.26      -0.69       0.47       -18.04
        19       387.00     387.54      -0.03       0.00        -1.07
        20        54.00      54.98      -0.13       0.02        -1.94
        21       313.00     300.62       0.73       0.51        25.27
        22        50.00      49.37       0.09       0.01         1.26
        23       117.00     115.32       0.16       0.02         3.38
        24       119.00     124.79      -0.52       0.27       -11.31
        25        57.00      59.82      -0.37       0.13        -5.51
        26        48.00      50.17      -0.31       0.09        -4.24
        27        66.00      57.55       1.12       1.24        18.08
        28        63.00      58.43       0.60       0.36         9.48
        29        41.00      53.01      -1.65       2.72       -21.07
        30        33.00      38.12      -0.83       0.69        -9.53
        31        28.00      31.38      -0.60       0.36        -6.38
        32        48.00      56.15      -1.09       1.18       -15.05
        33        95.00      94.36       0.07       0.00         1.29
        34       104.00      98.33       0.57       0.33        11.66
        35        45.00      39.00       0.96       0.92        12.87
        36       117.00     109.35       0.74       0.54        15.83
        37        15.00      11.76       0.94       0.89         7.29
        38        88.00     103.44      -1.53       2.31       -28.45
        39        23.00      28.95      -1.11       1.22       -10.58
        40       119.00     118.44       0.05       0.00         1.12
        41        95.00      99.09      -0.41       0.17        -8.01
        42        53.00      40.91       1.89       3.57        27.45
        43        16.00      20.26      -0.95       0.89        -7.55
        44       106.00      99.77       0.63       0.39        12.84
        45        35.00      33.35       0.29       0.08         3.39
        46       185.00     181.28       0.28       0.08         7.51
        47        17.00      18.36      -0.32       0.10        -2.62
        48       116.00     109.85       0.59       0.34        12.64
        49        26.00      25.77       0.05       0.00         0.46
        50       118.00     110.06       0.76       0.57        16.44
        51        48.00      37.00       1.81       3.27        24.99
        52       189.00     175.81       1.00       0.99        27.35
        53         8.00      11.33      -0.99       0.98        -5.57
        54        27.00      29.13      -0.40       0.16        -4.10
        55        41.00      45.76      -0.71       0.50        -9.01
        56       396.00     379.69       0.85       0.70        33.31
        57        75.00      64.46       1.32       1.72        22.72
        58       106.00     100.93       0.51       0.25        10.39
        59        44.00      35.97       1.34       1.79        17.74
        60        93.00      95.65      -0.27       0.07        -5.22
        61        44.00      41.36       0.41       0.17         5.44
        62       125.00     125.72      -0.06       0.00        -1.43
        63        48.00      50.82      -0.40       0.16        -5.48
        64        56.00      54.14       0.25       0.06         3.77
        65        16.00      27.20      -2.15       4.61       -16.98
        66        35.00      38.09      -0.50       0.25        -5.91
        67        90.00     105.69      -1.53       2.33       -28.92
        68        31.00      33.35      -0.41       0.17        -4.54
        69        49.00      48.61       0.06       0.00         0.79
        70        25.00      26.18      -0.23       0.05        -2.31
        71        73.00      64.90       1.01       1.01        17.16
        72        17.00      19.71      -0.61       0.37        -5.03
        73        72.00      79.52      -0.85       0.71       -14.30
        74        24.00      18.12       1.38       1.91        13.49
        75       128.00     126.95       0.09       0.01         2.10
        76        33.00      29.16       0.71       0.51         8.16
        77        41.00      38.75       0.36       0.13         4.64
        78        21.00      28.99      -1.49       2.20       -13.55
        79        20.00      18.90       0.25       0.06         2.25
        80        29.00      28.36       0.12       0.01         1.29
        81        62.00      63.70      -0.21       0.05        -3.35
        82        29.00      32.04      -0.54       0.29        -5.78
        83        75.00      60.17       1.92       3.65        33.04
        84        34.00      32.01       0.35       0.12         4.10
        85       101.00     100.96       0.00       0.00         0.07
        86        88.00      97.50      -0.97       0.92       -18.04
        87        29.00      24.22       0.97       0.94        10.45
        88        55.00      48.68       0.91       0.82        13.43
        89        47.00      45.77       0.18       0.03         2.50
        90        80.00      81.54      -0.17       0.03        -3.05
        91        64.00      72.28      -0.98       0.95       -15.58
        92        41.00      37.11       0.64       0.41         8.16
        93        31.00      30.21       0.14       0.02         1.60
        94        37.00      42.48      -0.84       0.71       -10.22
        95        15.00      19.59      -1.04       1.07        -8.00
        96        45.00      46.22      -0.18       0.03        -2.41
        97        40.00      42.62      -0.40       0.16        -5.07
        98        21.00      16.12       1.22       1.48        11.12
        99        21.00      23.76      -0.57       0.32        -5.18
       100        36.00      30.57       0.98       0.96        11.76
       101        17.00      16.22       0.19       0.04         1.61
       102        35.00      39.42      -0.70       0.49        -8.32
       103        27.00      24.94       0.41       0.17         4.28
       104        20.00      16.82       0.77       0.60         6.92
       105        56.00      46.92       1.33       1.76        19.82
       106         7.00      10.92      -1.19       1.41        -6.22
       107        54.00      40.17       2.19       4.76        31.96
       108        32.00      28.59       0.64       0.41         7.22
       109        25.00      18.10       1.62       2.63        16.14
       110        24.00      17.62       1.52       2.31        14.84
       111        31.00      33.63      -0.45       0.21        -5.05
       112        38.00      41.05      -0.48       0.23        -5.86
       113        19.00      18.65       0.08       0.01         0.71
       114        31.00      33.03      -0.35       0.12        -3.93
       115        11.00      15.53      -1.15       1.32        -7.58
       116        28.00      27.68       0.06       0.00         0.65
       117         8.00      11.05      -0.92       0.84        -5.17
       118        14.00      12.64       0.38       0.15         2.85
       119        23.00      26.00      -0.59       0.35        -5.64
       120        33.00      38.16      -0.84       0.70        -9.60
       121        22.00      28.15      -1.16       1.34       -10.84
       122         8.00      11.65      -1.07       1.14        -6.01
       123        31.00      40.73      -1.53       2.32       -16.92
       124        10.00      15.81      -1.46       2.13        -9.16
       125        15.00      16.94      -0.47       0.22        -3.65
       126        35.00      27.58       1.41       2.00        16.68
       127        19.00      16.60       0.59       0.35         5.13
       128         2.00       7.73      -2.06       4.25        -5.41

     THE TOTAL PEARSON CHI-SQUARE CONTRIBUTION FROM EMPTY CELLS IS         0.00


     UNIVARIATE MODEL FIT INFORMATION

                               Estimated Probabilities
                                                  Standardized
     Variable              H1           H0          Residual
                                                   (z-score)
     X1
       Category 1        0.501        0.501           0.000
       Category 2        0.499        0.499           0.000
       Univariate Pearson Chi-Square                  0.000
       Univariate Log-Likelihood Chi-Square           0.000
     X2
       Category 1        0.496        0.496           0.000
       Category 2        0.503        0.504           0.000
       Univariate Pearson Chi-Square                  0.000
       Univariate Log-Likelihood Chi-Square           0.000
     X3
       Category 1        0.504        0.504           0.000
       Category 2        0.496        0.496           0.000
       Univariate Pearson Chi-Square                  0.000
       Univariate Log-Likelihood Chi-Square           0.000
     X4
       Category 1        0.547        0.547           0.000
       Category 2        0.453        0.453           0.000
       Univariate Pearson Chi-Square                  0.000
       Univariate Log-Likelihood Chi-Square           0.000
     X5
       Category 1        0.547        0.547           0.000
       Category 2        0.453        0.453           0.000
       Univariate Pearson Chi-Square                  0.000
       Univariate Log-Likelihood Chi-Square           0.000
     X6
       Category 1        0.542        0.542           0.000
       Category 2        0.458        0.458           0.000
       Univariate Pearson Chi-Square                  0.000
       Univariate Log-Likelihood Chi-Square           0.000
     X7
       Category 1        0.497        0.497           0.000
       Category 2        0.503        0.503           0.000
       Univariate Pearson Chi-Square                  0.000
       Univariate Log-Likelihood Chi-Square           0.000

       Overall Univariate Pearson Chi-Square                         0.000
       Overall Univariate Log-Likelihood Chi-Square                  0.000


     BIVARIATE MODEL FIT INFORMATION

                                              Estimated Probabilities
                                                                 Standardized
     Variable       Variable              H1           H0          Residual
                                                                  (z-score)
     X1             X2
       Category 1     Category 1        0.260        0.262          -0.409
       Category 1     Category 2        0.240        0.239           0.422
       Category 2     Category 1        0.236        0.234           0.424
       Category 2     Category 2        0.263        0.265          -0.407
       Bivariate Pearson Chi-Square                                  0.518
       Bivariate Log-Likelihood Chi-Square                           0.518
     X1             X3
       Category 1     Category 1        0.267        0.268          -0.178
       Category 1     Category 2        0.234        0.233           0.186
       Category 2     Category 1        0.237        0.236           0.185
       Category 2     Category 2        0.263        0.264          -0.179
       Bivariate Pearson Chi-Square                                  0.099
       Bivariate Log-Likelihood Chi-Square                           0.099
     X1             X4
       Category 1     Category 1        0.333        0.334          -0.237
       Category 1     Category 2        0.168        0.167           0.300
       Category 2     Category 1        0.214        0.213           0.273
       Category 2     Category 2        0.285        0.286          -0.248
       Bivariate Pearson Chi-Square                                  0.215
       Bivariate Log-Likelihood Chi-Square                           0.215
     X1             X5
       Category 1     Category 1        0.336        0.334           0.432
       Category 1     Category 2        0.165        0.167          -0.546
       Category 2     Category 1        0.212        0.214          -0.497
       Category 2     Category 2        0.288        0.286           0.451
       Bivariate Pearson Chi-Square                                  0.712
       Bivariate Log-Likelihood Chi-Square                           0.713
     X1             X6
       Category 1     Category 1        0.301        0.298           0.706
       Category 1     Category 2        0.199        0.203          -0.804
       Category 2     Category 1        0.241        0.244          -0.752
       Category 2     Category 2        0.259        0.255           0.741
       Bivariate Pearson Chi-Square                                  1.701
       Bivariate Log-Likelihood Chi-Square                           1.702
     X1             X7
       Category 1     Category 1        0.312        0.312          -0.051
       Category 1     Category 2        0.189        0.188           0.060
       Category 2     Category 1        0.185        0.185           0.061
       Category 2     Category 2        0.315        0.315          -0.051
       Bivariate Pearson Chi-Square                                  0.009
       Bivariate Log-Likelihood Chi-Square                           0.009
     X2             X3
       Category 1     Category 1        0.264        0.266          -0.385
       Category 1     Category 2        0.233        0.231           0.404
       Category 2     Category 1        0.240        0.238           0.400
       Category 2     Category 2        0.264        0.266          -0.385
       Bivariate Pearson Chi-Square                                  0.465
       Bivariate Log-Likelihood Chi-Square                           0.465
     X2             X4
       Category 1     Category 1        0.330        0.332          -0.473
       Category 1     Category 2        0.167        0.164           0.601
       Category 2     Category 1        0.217        0.215           0.542
       Category 2     Category 2        0.286        0.288          -0.491
       Bivariate Pearson Chi-Square                                  0.853
       Bivariate Log-Likelihood Chi-Square                           0.852
     X2             X5
       Category 1     Category 1        0.297        0.298          -0.206
       Category 1     Category 2        0.199        0.198           0.237
       Category 2     Category 1        0.250        0.249           0.218
       Category 2     Category 2        0.253        0.254          -0.217
       Bivariate Pearson Chi-Square                                  0.145
       Bivariate Log-Likelihood Chi-Square                           0.145
     X2             X6
       Category 1     Category 1        0.335        0.335           0.092
       Category 1     Category 2        0.161        0.162          -0.118
       Category 2     Category 1        0.207        0.207          -0.107
       Category 2     Category 2        0.297        0.296           0.095
       Bivariate Pearson Chi-Square                                  0.033
       Bivariate Log-Likelihood Chi-Square                           0.033
     X2             X7
       Category 1     Category 1        0.309        0.310          -0.250
       Category 1     Category 2        0.188        0.186           0.297
       Category 2     Category 1        0.188        0.187           0.297
       Category 2     Category 2        0.316        0.317          -0.249
       Bivariate Pearson Chi-Square                                  0.229
       Bivariate Log-Likelihood Chi-Square                           0.229
     X3             X4
       Category 1     Category 1        0.302        0.304          -0.547
       Category 1     Category 2        0.202        0.199           0.630
       Category 2     Category 1        0.245        0.243           0.587
       Category 2     Category 2        0.251        0.253          -0.578
       Bivariate Pearson Chi-Square                                  1.036
       Bivariate Log-Likelihood Chi-Square                           1.035
     X3             X5
       Category 1     Category 1        0.338        0.339          -0.097
       Category 1     Category 2        0.166        0.165           0.123
       Category 2     Category 1        0.209        0.209           0.113
       Category 2     Category 2        0.287        0.288          -0.101
       Bivariate Pearson Chi-Square                                  0.036
       Bivariate Log-Likelihood Chi-Square                           0.036
     X3             X6
       Category 1     Category 1        0.337        0.338          -0.137
       Category 1     Category 2        0.167        0.166           0.174
       Category 2     Category 1        0.205        0.205           0.161
       Category 2     Category 2        0.291        0.292          -0.143
       Bivariate Pearson Chi-Square                                  0.073
       Bivariate Log-Likelihood Chi-Square                           0.073
     X3             X7
       Category 1     Category 1        0.316        0.315           0.109
       Category 1     Category 2        0.188        0.188          -0.130
       Category 2     Category 1        0.181        0.181          -0.132
       Category 2     Category 2        0.316        0.315           0.110
       Bivariate Pearson Chi-Square                                  0.044
       Bivariate Log-Likelihood Chi-Square                           0.044
     X4             X5
       Category 1     Category 1        0.383        0.383          -0.096
       Category 1     Category 2        0.165        0.164           0.126
       Category 2     Category 1        0.165        0.164           0.126
       Category 2     Category 2        0.288        0.288          -0.103
       Bivariate Pearson Chi-Square                                  0.040
       Bivariate Log-Likelihood Chi-Square                           0.040
     X4             X6
       Category 1     Category 1        0.379        0.380          -0.097
       Category 1     Category 2        0.168        0.168           0.126
       Category 2     Category 1        0.163        0.163           0.128
       Category 2     Category 2        0.290        0.290          -0.104
       Bivariate Pearson Chi-Square                                  0.041
       Bivariate Log-Likelihood Chi-Square                           0.041
     X4             X7
       Category 1     Category 1        0.391        0.390           0.232
       Category 1     Category 2        0.156        0.158          -0.310
       Category 2     Category 1        0.106        0.107          -0.365
       Category 2     Category 2        0.347        0.346           0.237
       Bivariate Pearson Chi-Square                                  0.270
       Bivariate Log-Likelihood Chi-Square                           0.270
     X5             X6
       Category 1     Category 1        0.381        0.380           0.303
       Category 1     Category 2        0.166        0.168          -0.394
       Category 2     Category 1        0.161        0.162          -0.399
       Category 2     Category 2        0.292        0.290           0.324
       Bivariate Pearson Chi-Square                                  0.394
       Bivariate Log-Likelihood Chi-Square                           0.395
     X5             X7
       Category 1     Category 1        0.389        0.390          -0.113
       Category 1     Category 2        0.158        0.158           0.152
       Category 2     Category 1        0.108        0.107           0.179
       Category 2     Category 2        0.345        0.346          -0.116
       Bivariate Pearson Chi-Square                                  0.064
       Bivariate Log-Likelihood Chi-Square                           0.064
     X6             X7
       Category 1     Category 1        0.388        0.388          -0.022
       Category 1     Category 2        0.154        0.154           0.030
       Category 2     Category 1        0.109        0.108           0.034
       Category 2     Category 2        0.349        0.349          -0.022
       Bivariate Pearson Chi-Square                                  0.002
       Bivariate Log-Likelihood Chi-Square                           0.002

       Overall Bivariate Pearson Chi-Square                          6.981
       Overall Bivariate Log-Likelihood Chi-Square                   6.982


SAVEDATA INFORMATION

  Order and format of variables

    X1             F10.5
    X2             F10.5
    X3             F10.5
    X4             F10.5
    X5             F10.5
    X6             F10.5
    X7             F10.5
    CPROB1         F10.5
    CPROB2         F10.5
    CPROB3         F10.5
    CPROB4         F10.5
    CPROB5         F10.5
    CPROB6         F10.5
    CPROB7         F10.5
    CPROB8         F10.5
    C              F10.5

  Save file
    respondent_ex9.2.dat

  Save file format
    16F10.5

  Save file record length    5000


     Beginning Time:  18:50:50
        Ending Time:  18:51:07
       Elapsed Time:  00:00:17



MUTHEN & MUTHEN
3463 Stoner Ave.
Los Angeles, CA  90066

Tel: (310) 391-9971
Fax: (310) 391-8971
Web: www.StatModel.com
Support: Support@StatModel.com

Copyright (c) 1998-2010 Muthen & Muthen
